<?xml version="1.0" encoding="UTF-8"?>
<testsuite name="TestSuite" time="22.922" tests="25" errors="0" skipped="23" failures="1">
  <properties>
    <property name="java.runtime.name" value="Java(TM) SE Runtime Environment"/>
    <property name="sun.boot.library.path" value="C:\Program Files\Java\jdk1.8.0_25\jre\bin"/>
    <property name="java.vm.version" value="25.25-b02"/>
    <property name="java.vm.vendor" value="Oracle Corporation"/>
    <property name="java.vendor.url" value="http://java.oracle.com/"/>
    <property name="path.separator" value=";"/>
    <property name="guice.disable.misplaced.annotation.check" value="true"/>
    <property name="java.vm.name" value="Java HotSpot(TM) 64-Bit Server VM"/>
    <property name="file.encoding.pkg" value="sun.io"/>
    <property name="user.script" value=""/>
    <property name="user.country" value="IN"/>
    <property name="sun.java.launcher" value="SUN_STANDARD"/>
    <property name="sun.os.patch.level" value="Service Pack 1"/>
    <property name="java.vm.specification.name" value="Java Virtual Machine Specification"/>
    <property name="user.dir" value="D:\Framework\DDF"/>
    <property name="java.runtime.version" value="1.8.0_25-b18"/>
    <property name="java.awt.graphicsenv" value="sun.awt.Win32GraphicsEnvironment"/>
    <property name="java.endorsed.dirs" value="C:\Program Files\Java\jdk1.8.0_25\jre\lib\endorsed"/>
    <property name="os.arch" value="amd64"/>
    <property name="java.io.tmpdir" value="C:\Users\alkesh\AppData\Local\Temp\"/>
    <property name="line.separator" value="&#10;"/>
    <property name="java.vm.specification.vendor" value="Oracle Corporation"/>
    <property name="user.variant" value=""/>
    <property name="os.name" value="Windows 7"/>
    <property name="classworlds.conf" value="C:\apache-maven-3.2.3\bin\m2.conf"/>
    <property name="sun.jnu.encoding" value="Cp1252"/>
    <property name="java.library.path" value="C:\Program Files\Java\jdk1.8.0_25\bin;C:\Windows\Sun\Java\bin;C:\Windows\system32;C:\Windows;D:\app\alkesh\product\11.2.0\client_2\bin;C:\ProgramData\Oracle\Java\javapath;C:\Program Files\Common Files\Microsoft Shared\Windows Live;C:\Program Files (x86)\Common Files\Microsoft Shared\Windows Live;C:\Windows\system32;C:\Windows;C:\Windows\System32\Wbem;C:\Windows\System32\WindowsPowerShell\v1.0\;C:\Program Files (x86)\Windows Live\Shared;C:\Program Files\Intel\WiFi\bin\;C:\Program Files\Common Files\Intel\WirelessCommon\;C:\mongodb\bin;C:\Program Files\TortoiseHg\;C:\Program Files (x86)\Java\jdk1.6.0_18\bin;C:\php;C:\xampp\php;C:\xampp\php\PEAR;C:\xampp\php\Testoye;D:\Software\Oye software\eclipse;C:\Program Files (x86)\Bitvise SSH Client;C:\JUnit\junit4.11.jar;C:\apache-ant\apache-ant-1.9.3\bin;C:\apache-maven-3.2.3\bin;C:\apache-ant-1.9.7\bin;."/>
    <property name="java.specification.name" value="Java Platform API Specification"/>
    <property name="java.class.version" value="52.0"/>
    <property name="sun.management.compiler" value="HotSpot 64-Bit Tiered Compilers"/>
    <property name="os.version" value="6.1"/>
    <property name="user.home" value="C:\Users\alkesh"/>
    <property name="user.timezone" value="Asia/Calcutta"/>
    <property name="java.awt.printerjob" value="sun.awt.windows.WPrinterJob"/>
    <property name="java.specification.version" value="1.8"/>
    <property name="file.encoding" value="Cp1252"/>
    <property name="user.name" value="alkesh"/>
    <property name="java.class.path" value="C:\apache-maven-3.2.3\boot\plexus-classworlds-2.5.1.jar"/>
    <property name="java.vm.specification.version" value="1.8"/>
    <property name="sun.arch.data.model" value="64"/>
    <property name="java.home" value="C:\Program Files\Java\jdk1.8.0_25\jre"/>
    <property name="sun.java.command" value="org.codehaus.plexus.classworlds.launcher.Launcher clean test"/>
    <property name="java.specification.vendor" value="Oracle Corporation"/>
    <property name="user.language" value="en"/>
    <property name="awt.toolkit" value="sun.awt.windows.WToolkit"/>
    <property name="java.vm.info" value="mixed mode"/>
    <property name="java.version" value="1.8.0_25"/>
    <property name="java.ext.dirs" value="C:\Program Files\Java\jdk1.8.0_25\jre\lib\ext;C:\Windows\Sun\Java\lib\ext"/>
    <property name="sun.boot.class.path" value="C:\Program Files\Java\jdk1.8.0_25\jre\lib\resources.jar;C:\Program Files\Java\jdk1.8.0_25\jre\lib\rt.jar;C:\Program Files\Java\jdk1.8.0_25\jre\lib\sunrsasign.jar;C:\Program Files\Java\jdk1.8.0_25\jre\lib\jsse.jar;C:\Program Files\Java\jdk1.8.0_25\jre\lib\jce.jar;C:\Program Files\Java\jdk1.8.0_25\jre\lib\charsets.jar;C:\Program Files\Java\jdk1.8.0_25\jre\lib\jfr.jar;C:\Program Files\Java\jdk1.8.0_25\jre\classes"/>
    <property name="sun.stderr.encoding" value="cp437"/>
    <property name="java.vendor" value="Oracle Corporation"/>
    <property name="maven.home" value="C:\apache-maven-3.2.3"/>
    <property name="file.separator" value="\"/>
    <property name="java.vendor.url.bug" value="http://bugreport.sun.com/bugreport/"/>
    <property name="sun.cpu.endian" value="little"/>
    <property name="sun.io.unicode.encoding" value="UnicodeLittle"/>
    <property name="sun.stdout.encoding" value="cp437"/>
    <property name="sun.desktop" value="windows"/>
    <property name="sun.cpu.isalist" value="amd64"/>
  </properties>
  <testcase name="init" classname="com.easybix.DDF.Tests.RegistrationTest" time="7.557">
    <failure message="unknown error: cannot get automation extension&#10;from chrome not reachable&#10;  (Session info: chrome=53.0.2785.143)&#10;  (Driver info: chromedriver=2.24.417431 (9aea000394714d2fbb20850021f6204f2256b9cf),platform=Windows NT 6.1.7601 SP1 x86_64) (WARNING: The server did not provide any stacktrace information)&#10;Command duration or timeout: 4.02 seconds&#10;Build info: version: &apos;unknown&apos;, revision: &apos;f233563&apos;, time: &apos;2016-07-28 17:43:42 -0700&apos;&#10;System info: host: &apos;alkesh-asus&apos;, ip: &apos;192.168.0.101&apos;, os.name: &apos;Windows 7&apos;, os.arch: &apos;amd64&apos;, os.version: &apos;6.1&apos;, java.version: &apos;1.8.0_25&apos;&#10;Driver info: org.openqa.selenium.chrome.ChromeDriver&#10;Capabilities [{applicationCacheEnabled=false, rotatable=false, mobileEmulationEnabled=false, networkConnectionEnabled=false, chrome={chromedriverVersion=2.24.417431 (9aea000394714d2fbb20850021f6204f2256b9cf), userDataDir=C:\Users\alkesh\AppData\Local\Temp\scoped_dir6804_16987}, takesHeapSnapshot=true, pageLoadStrategy=normal, databaseEnabled=false, handlesAlerts=true, hasTouchScreen=false, version=53.0.2785.143, platform=XP, browserConnectionEnabled=false, nativeEvents=true, acceptSslCerts=true, locationContextEnabled=true, webStorageEnabled=true, browserName=chrome, takesScreenshot=true, javascriptEnabled=true, cssSelectorsEnabled=true}]&#10;Session ID: 1d2219970bc76dc5101a3b1b87a1c0e6" type="org.openqa.selenium.WebDriverException">org.openqa.selenium.WebDriverException: unknown error: cannot get automation extension
from chrome not reachable
  (Session info: chrome=53.0.2785.143)
  (Driver info: chromedriver=2.24.417431 (9aea000394714d2fbb20850021f6204f2256b9cf),platform=Windows NT 6.1.7601 SP1 x86_64) (WARNING: The server did not provide any stacktrace information)
Command duration or timeout: 4.02 seconds
Build info: version: 'unknown', revision: 'f233563', time: '2016-07-28 17:43:42 -0700'
System info: host: 'alkesh-asus', ip: '192.168.0.101', os.name: 'Windows 7', os.arch: 'amd64', os.version: '6.1', java.version: '1.8.0_25'
Driver info: org.openqa.selenium.chrome.ChromeDriver
Capabilities [{applicationCacheEnabled=false, rotatable=false, mobileEmulationEnabled=false, networkConnectionEnabled=false, chrome={chromedriverVersion=2.24.417431 (9aea000394714d2fbb20850021f6204f2256b9cf), userDataDir=C:\Users\alkesh\AppData\Local\Temp\scoped_dir6804_16987}, takesHeapSnapshot=true, pageLoadStrategy=normal, databaseEnabled=false, handlesAlerts=true, hasTouchScreen=false, version=53.0.2785.143, platform=XP, browserConnectionEnabled=false, nativeEvents=true, acceptSslCerts=true, locationContextEnabled=true, webStorageEnabled=true, browserName=chrome, takesScreenshot=true, javascriptEnabled=true, cssSelectorsEnabled=true}]
Session ID: 1d2219970bc76dc5101a3b1b87a1c0e6
	at sun.reflect.NativeConstructorAccessorImpl.newInstance0(Native Method)
	at sun.reflect.NativeConstructorAccessorImpl.newInstance(NativeConstructorAccessorImpl.java:62)
	at sun.reflect.DelegatingConstructorAccessorImpl.newInstance(DelegatingConstructorAccessorImpl.java:45)
	at java.lang.reflect.Constructor.newInstance(Constructor.java:408)
	at org.openqa.selenium.remote.ErrorHandler.createThrowable(ErrorHandler.java:206)
	at org.openqa.selenium.remote.ErrorHandler.throwIfResponseFailed(ErrorHandler.java:158)
	at org.openqa.selenium.remote.RemoteWebDriver.execute(RemoteWebDriver.java:683)
	at org.openqa.selenium.remote.RemoteWebDriver$RemoteWebDriverOptions$RemoteWindow.maximize(RemoteWebDriver.java:950)
	at com.easybix.DDF.core.TestBase.init(TestBase.java:70)
	at sun.reflect.NativeMethodAccessorImpl.invoke0(Native Method)
	at sun.reflect.NativeMethodAccessorImpl.invoke(NativeMethodAccessorImpl.java:62)
	at sun.reflect.DelegatingMethodAccessorImpl.invoke(DelegatingMethodAccessorImpl.java:43)
	at java.lang.reflect.Method.invoke(Method.java:483)
	at org.testng.internal.MethodInvocationHelper.invokeMethod(MethodInvocationHelper.java:86)
	at org.testng.internal.Invoker.invokeConfigurationMethod(Invoker.java:514)
	at org.testng.internal.Invoker.invokeConfigurations(Invoker.java:215)
	at org.testng.internal.Invoker.invokeMethod(Invoker.java:589)
	at org.testng.internal.Invoker.invokeTestMethod(Invoker.java:820)
	at org.testng.internal.Invoker.invokeTestMethods(Invoker.java:1128)
	at org.testng.internal.TestMethodWorker.invokeTestMethods(TestMethodWorker.java:129)
	at org.testng.internal.TestMethodWorker.run(TestMethodWorker.java:112)
	at org.testng.TestRunner.privateRun(TestRunner.java:782)
	at org.testng.TestRunner.run(TestRunner.java:632)
	at org.testng.SuiteRunner.runTest(SuiteRunner.java:366)
	at org.testng.SuiteRunner.runSequentially(SuiteRunner.java:361)
	at org.testng.SuiteRunner.privateRun(SuiteRunner.java:319)
	at org.testng.SuiteRunner.run(SuiteRunner.java:268)
	at org.testng.SuiteRunnerWorker.runSuite(SuiteRunnerWorker.java:52)
	at org.testng.SuiteRunnerWorker.run(SuiteRunnerWorker.java:86)
	at org.testng.TestNG.runSuitesSequentially(TestNG.java:1244)
	at org.testng.TestNG.runSuitesLocally(TestNG.java:1169)
	at org.testng.TestNG.run(TestNG.java:1064)
	at org.apache.maven.surefire.testng.TestNGExecutor.run(TestNGExecutor.java:295)
	at org.apache.maven.surefire.testng.TestNGXmlTestSuite.execute(TestNGXmlTestSuite.java:84)
	at org.apache.maven.surefire.testng.TestNGProvider.invoke(TestNGProvider.java:90)
	at org.apache.maven.surefire.booter.ForkedBooter.invokeProviderInSameClassLoader(ForkedBooter.java:203)
	at org.apache.maven.surefire.booter.ForkedBooter.runSuitesInProcess(ForkedBooter.java:155)
	at org.apache.maven.surefire.booter.ForkedBooter.main(ForkedBooter.java:103)
</failure>
    <system-out><![CDATA[Anshul
Chauhan
Anshul@mail.com
Chauhan

Vibhor
Sharma
Vibhor@mail.com
Sharma

Rubi
Chauhan
Rubi@nail.com
Chauhan

Michael
Martin
Michael@mail.com
Martin

]]></system-out>
    <system-err><![CDATA[log4j:WARN No appenders could be found for logger (rootLogger).
log4j:WARN Please initialize the log4j system properly.
Starting ChromeDriver 2.24.417431 (9aea000394714d2fbb20850021f6204f2256b9cf) on port 36023
Only local connections are allowed.
]]></system-err>
  </testcase>
  <testcase name="init" classname="com.easybix.DDF.Tests.RegistrationTest" time="0">
    <skipped/>
  </testcase>
  <testcase name="init" classname="com.easybix.DDF.Tests.RegistrationTest" time="0">
    <skipped/>
  </testcase>
  <testcase name="init" classname="com.easybix.DDF.Tests.RegistrationTest" time="0">
    <skipped/>
  </testcase>
  <testcase name="init" classname="com.easybix.DDF.Tests.RegistrationTest" time="0">
    <skipped/>
    <system-out><![CDATA[Anshul
Chauhan
Anshul@mail.com
Chauhan

Vibhor
Sharma
Vibhor@mail.com
Sharma

Rubi
Chauhan
Rubi@nail.com
Chauhan

Michael
Martin
Michael@mail.com
Martin

]]></system-out>
  </testcase>
  <testcase name="init" classname="com.easybix.DDF.Tests.RegistrationTest" time="0">
    <skipped/>
  </testcase>
  <testcase name="init" classname="com.easybix.DDF.Tests.RegistrationTest" time="0">
    <skipped/>
  </testcase>
  <testcase name="init" classname="com.easybix.DDF.Tests.RegistrationTest" time="0">
    <skipped/>
  </testcase>
  <testcase name="doRegistration" classname="com.easybix.DDF.Tests.RegistrationTest" time="0">
    <skipped/>
  </testcase>
  <testcase name="doRegistration" classname="com.easybix.DDF.Tests.RegistrationTest" time="0">
    <skipped/>
  </testcase>
  <testcase name="doRegistration" classname="com.easybix.DDF.Tests.RegistrationTest" time="0">
    <skipped/>
  </testcase>
  <testcase name="doRegistration" classname="com.easybix.DDF.Tests.RegistrationTest" time="0">
    <skipped/>
  </testcase>
  <testcase name="tearDown" classname="com.easybix.DDF.Tests.RegistrationTest" time="0">
    <skipped/>
  </testcase>
  <testcase name="tearDown" classname="com.easybix.DDF.Tests.RegistrationTest" time="0">
    <skipped/>
  </testcase>
  <testcase name="tearDown" classname="com.easybix.DDF.Tests.RegistrationTest" time="0">
    <skipped/>
  </testcase>
  <testcase name="tearDown" classname="com.easybix.DDF.Tests.RegistrationTest" time="0">
    <skipped/>
  </testcase>
  <testcase name="tearDown" classname="com.easybix.DDF.Tests.RegistrationTest" time="0">
    <skipped/>
  </testcase>
  <testcase name="tearDown" classname="com.easybix.DDF.Tests.RegistrationTest" time="0">
    <skipped/>
  </testcase>
  <testcase name="tearDown" classname="com.easybix.DDF.Tests.RegistrationTest" time="0">
    <skipped/>
  </testcase>
  <testcase name="tearDown" classname="com.easybix.DDF.Tests.RegistrationTest" time="0">
    <skipped/>
  </testcase>
  <testcase name="doRegistrationCopy" classname="com.easybix.DDF.Tests.RegistrationTest" time="0">
    <skipped/>
  </testcase>
  <testcase name="doRegistrationCopy" classname="com.easybix.DDF.Tests.RegistrationTest" time="0">
    <skipped/>
  </testcase>
  <testcase name="doRegistrationCopy" classname="com.easybix.DDF.Tests.RegistrationTest" time="0">
    <skipped/>
  </testcase>
  <testcase name="doRegistrationCopy" classname="com.easybix.DDF.Tests.RegistrationTest" time="0">
    <skipped/>
  </testcase>
  <testcase name="doLogin" classname="com.easybix.DDF.Tests.LoginTest" time="15.365"/>
</testsuite>