<?xml version="1.0" encoding="UTF-8"?>
<!-- Generated by org.testng.reporters.JUnitXMLReporter -->
<testsuite hostname="alkesh-asus" name="Registration Test" tests="8" failures="0" timestamp="9 Oct 2016 06:04:03 GMT" time="7.26" errors="0">
  <testcase name="@BeforeMethod init" time="0.0" classname="com.easybix.DDF.Tests.RegistrationTest">
    <failure type="org.openqa.selenium.WebDriverException" message="unknown error: cannot get automation extension
from chrome not reachable
  (Session info: chrome=53.0.2785.143)
  (Driver info: chromedriver=2.24.417431 (9aea000394714d2fbb20850021f6204f2256b9cf),platform=Windows NT 6.1.7601 SP1 x86_64) (WARNING: The server did not provide any stacktrace information)
Command duration or timeout: 4.02 seconds
Build info: version: &amp;apos;unknown&amp;apos;, revision: &amp;apos;f233563&amp;apos;, time: &amp;apos;2016-07-28 17:43:42 -0700&amp;apos;
System info: host: &amp;apos;alkesh-asus&amp;apos;, ip: &amp;apos;192.168.0.101&amp;apos;, os.name: &amp;apos;Windows 7&amp;apos;, os.arch: &amp;apos;amd64&amp;apos;, os.version: &amp;apos;6.1&amp;apos;, java.version: &amp;apos;1.8.0_25&amp;apos;
Driver info: org.openqa.selenium.chrome.ChromeDriver
Capabilities [{applicationCacheEnabled=false, rotatable=false, mobileEmulationEnabled=false, networkConnectionEnabled=false, chrome={chromedriverVersion=2.24.417431 (9aea000394714d2fbb20850021f6204f2256b9cf), userDataDir=C:\Users\alkesh\AppData\Local\Temp\scoped_dir6804_16987}, takesHeapSnapshot=true, pageLoadStrategy=normal, databaseEnabled=false, handlesAlerts=true, hasTouchScreen=false, version=53.0.2785.143, platform=XP, browserConnectionEnabled=false, nativeEvents=true, acceptSslCerts=true, locationContextEnabled=true, webStorageEnabled=true, browserName=chrome, takesScreenshot=true, javascriptEnabled=true, cssSelectorsEnabled=true}]
Session ID: 1d2219970bc76dc5101a3b1b87a1c0e6">
      <![CDATA[org.openqa.selenium.WebDriverException: unknown error: cannot get automation extension
from chrome not reachable
  (Session info: chrome=53.0.2785.143)
  (Driver info: chromedriver=2.24.417431 (9aea000394714d2fbb20850021f6204f2256b9cf),platform=Windows NT 6.1.7601 SP1 x86_64) (WARNING: The server did not provide any stacktrace information)
Command duration or timeout: 4.02 seconds
Build info: version: 'unknown', revision: 'f233563', time: '2016-07-28 17:43:42 -0700'
System info: host: 'alkesh-asus', ip: '192.168.0.101', os.name: 'Windows 7', os.arch: 'amd64', os.version: '6.1', java.version: '1.8.0_25'
Driver info: org.openqa.selenium.chrome.ChromeDriver
Capabilities [{applicationCacheEnabled=false, rotatable=false, mobileEmulationEnabled=false, networkConnectionEnabled=false, chrome={chromedriverVersion=2.24.417431 (9aea000394714d2fbb20850021f6204f2256b9cf), userDataDir=C:\Users\alkesh\AppData\Local\Temp\scoped_dir6804_16987}, takesHeapSnapshot=true, pageLoadStrategy=normal, databaseEnabled=false, handlesAlerts=true, hasTouchScreen=false, version=53.0.2785.143, platform=XP, browserConnectionEnabled=false, nativeEvents=true, acceptSslCerts=true, locationContextEnabled=true, webStorageEnabled=true, browserName=chrome, takesScreenshot=true, javascriptEnabled=true, cssSelectorsEnabled=true}]
Session ID: 1d2219970bc76dc5101a3b1b87a1c0e6
	at org.openqa.selenium.remote.ErrorHandler.createThrowable(ErrorHandler.java:206)
	at org.openqa.selenium.remote.ErrorHandler.throwIfResponseFailed(ErrorHandler.java:158)
	at org.openqa.selenium.remote.RemoteWebDriver.execute(RemoteWebDriver.java:683)
	at org.openqa.selenium.remote.RemoteWebDriver$RemoteWebDriverOptions$RemoteWindow.maximize(RemoteWebDriver.java:950)
	at com.easybix.DDF.core.TestBase.init(TestBase.java:70)
... Removed 33 stack frames]]>
    </failure>
  </testcase> <!-- @BeforeMethod init -->
  <testcase name="@AfterMethod tearDown" time="0.0" classname="com.easybix.DDF.Tests.RegistrationTest">
    <skipped/>
  </testcase> <!-- @AfterMethod tearDown -->
  <testcase name="@BeforeMethod init" time="0.0" classname="com.easybix.DDF.Tests.RegistrationTest">
    <skipped/>
  </testcase> <!-- @BeforeMethod init -->
  <testcase name="@AfterMethod tearDown" time="0.0" classname="com.easybix.DDF.Tests.RegistrationTest">
    <skipped/>
  </testcase> <!-- @AfterMethod tearDown -->
  <testcase name="@BeforeMethod init" time="0.0" classname="com.easybix.DDF.Tests.RegistrationTest">
    <skipped/>
  </testcase> <!-- @BeforeMethod init -->
  <testcase name="@AfterMethod tearDown" time="0.0" classname="com.easybix.DDF.Tests.RegistrationTest">
    <skipped/>
  </testcase> <!-- @AfterMethod tearDown -->
  <testcase name="@BeforeMethod init" time="0.0" classname="com.easybix.DDF.Tests.RegistrationTest">
    <skipped/>
  </testcase> <!-- @BeforeMethod init -->
  <testcase name="@AfterMethod tearDown" time="0.0" classname="com.easybix.DDF.Tests.RegistrationTest">
    <skipped/>
  </testcase> <!-- @AfterMethod tearDown -->
  <testcase name="@BeforeMethod init" time="0.0" classname="com.easybix.DDF.Tests.RegistrationTest">
    <skipped/>
  </testcase> <!-- @BeforeMethod init -->
  <testcase name="@AfterMethod tearDown" time="0.0" classname="com.easybix.DDF.Tests.RegistrationTest">
    <skipped/>
  </testcase> <!-- @AfterMethod tearDown -->
  <testcase name="@BeforeMethod init" time="0.0" classname="com.easybix.DDF.Tests.RegistrationTest">
    <skipped/>
  </testcase> <!-- @BeforeMethod init -->
  <testcase name="@AfterMethod tearDown" time="0.0" classname="com.easybix.DDF.Tests.RegistrationTest">
    <skipped/>
  </testcase> <!-- @AfterMethod tearDown -->
  <testcase name="@BeforeMethod init" time="0.0" classname="com.easybix.DDF.Tests.RegistrationTest">
    <skipped/>
  </testcase> <!-- @BeforeMethod init -->
  <testcase name="@AfterMethod tearDown" time="0.0" classname="com.easybix.DDF.Tests.RegistrationTest">
    <skipped/>
  </testcase> <!-- @AfterMethod tearDown -->
  <testcase name="@BeforeMethod init" time="0.0" classname="com.easybix.DDF.Tests.RegistrationTest">
    <skipped/>
  </testcase> <!-- @BeforeMethod init -->
  <testcase name="@AfterMethod tearDown" time="0.0" classname="com.easybix.DDF.Tests.RegistrationTest">
    <skipped/>
  </testcase> <!-- @AfterMethod tearDown -->
  <testcase name="doRegistration" time="0.0" classname="com.easybix.DDF.Tests.RegistrationTest">
    <skipped/>
  </testcase> <!-- doRegistration -->
  <testcase name="doRegistration" time="0.0" classname="com.easybix.DDF.Tests.RegistrationTest">
    <skipped/>
  </testcase> <!-- doRegistration -->
  <testcase name="doRegistration" time="0.0" classname="com.easybix.DDF.Tests.RegistrationTest">
    <skipped/>
  </testcase> <!-- doRegistration -->
  <testcase name="doRegistration" time="0.0" classname="com.easybix.DDF.Tests.RegistrationTest">
    <skipped/>
  </testcase> <!-- doRegistration -->
  <testcase name="doRegistrationCopy" time="0.0" classname="com.easybix.DDF.Tests.RegistrationTest">
    <skipped/>
  </testcase> <!-- doRegistrationCopy -->
  <testcase name="doRegistrationCopy" time="0.0" classname="com.easybix.DDF.Tests.RegistrationTest">
    <skipped/>
  </testcase> <!-- doRegistrationCopy -->
  <testcase name="doRegistrationCopy" time="0.0" classname="com.easybix.DDF.Tests.RegistrationTest">
    <skipped/>
  </testcase> <!-- doRegistrationCopy -->
  <testcase name="doRegistrationCopy" time="0.0" classname="com.easybix.DDF.Tests.RegistrationTest">
    <skipped/>
  </testcase> <!-- doRegistrationCopy -->
</testsuite> <!-- Registration Test -->
